<?xml version="1.0" encoding="UTF-8"?>
<!-- Generated by org.testng.reporters.JUnitReportReporter -->
<testsuite hostname="vasu-PC" name="com.testng.Annotations" tests="2" failures="0" timestamp="2 Jun 2018 05:23:10 GMT" time="0.002" errors="0">
  <testcase name="method2" time="0.001" classname="com.testng.Annotations"/>
  <testcase name="method1" time="0.001" classname="com.testng.Annotations"/>
</testsuite> <!-- com.testng.Annotations -->
