<?xml version="1.0" encoding="UTF-8"?>
<!-- Generated by org.testng.reporters.JUnitReportReporter -->
<testsuite hostname="vasu-PC" name="com.testng.MultipleTestCase" tests="3" failures="0" timestamp="2 Jun 2018 05:23:10 GMT" time="0.006" errors="0">
  <testcase name="appLaunch" time="0.002" classname="com.testng.MultipleTestCase"/>
  <testcase name="appLogin" time="0.002" classname="com.testng.MultipleTestCase"/>
  <testcase name="appClose" time="0.002" classname="com.testng.MultipleTestCase"/>
</testsuite> <!-- com.testng.MultipleTestCase -->
