<?xml version="1.0" encoding="UTF-8"?>
<!-- Generated by org.testng.reporters.JUnitReportReporter -->
<testsuite hostname="vasu-PC" name="com.testng.AddEmpTest" tests="1" failures="0" timestamp="2 Jun 2018 05:41:26 GMT" time="4.605" errors="0">
  <testcase name="empAdd" time="4.605" classname="com.testng.AddEmpTest"/>
</testsuite> <!-- com.testng.AddEmpTest -->
