<?xml version="1.0" encoding="UTF-8"?>
<!-- Generated by org.testng.reporters.JUnitReportReporter -->
<testsuite hostname="vasu-PC" name="com.testng.FirstTestNgTest" tests="1" failures="0" timestamp="2 Jun 2018 05:23:10 GMT" time="0.009" errors="0">
  <testcase name="sample" time="0.009" classname="com.testng.FirstTestNgTest"/>
</testsuite> <!-- com.testng.FirstTestNgTest -->
