<?xml version="1.0" encoding="UTF-8"?>
<!-- Generated by org.testng.reporters.JUnitReportReporter -->
<testsuite hostname="vasu-PC" name="com.testng.BeforeTestAfterTest" tests="1" failures="0" timestamp="2 Jun 2018 05:23:10 GMT" time="3.439" errors="0">
  <testcase name="appLogin" time="3.439" classname="com.testng.BeforeTestAfterTest"/>
</testsuite> <!-- com.testng.BeforeTestAfterTest -->
