<?xml version="1.0" encoding="UTF-8"?>
<!-- Generated by org.testng.reporters.JUnitReportReporter -->
<testsuite hostname="vasu-PC" name="com.testng.AdminLoginTest" tests="1" failures="0" timestamp="2 Jun 2018 05:47:03 GMT" time="12.773" errors="0">
  <testcase name="adminLogin" time="12.773" classname="com.testng.AdminLoginTest"/>
</testsuite> <!-- com.testng.AdminLoginTest -->
