<?xml version="1.0" encoding="UTF-8"?>
<!-- Generated by org.testng.reporters.JUnitReportReporter -->
<testsuite hostname="vasu-PC" name="com.functionLibrary.ReadingData" tests="1" failures="0" timestamp="3 Jun 2018 04:58:20 GMT" time="1.018" errors="0">
  <testcase name="read" time="1.018" classname="com.functionLibrary.ReadingData"/>
</testsuite> <!-- com.functionLibrary.ReadingData -->
