<?xml version="1.0" encoding="UTF-8"?>
<!-- Generated by org.testng.reporters.JUnitReportReporter -->
<testsuite hostname="vasu-PC" name="com.functionLibrary.WritingData" tests="1" failures="0" timestamp="3 Jun 2018 05:04:56 GMT" time="1.205" errors="0">
  <testcase name="write" time="1.205" classname="com.functionLibrary.WritingData"/>
</testsuite> <!-- com.functionLibrary.WritingData -->
